{"/Users/miguel/Code/home/tothesea/dev/parcel/app/App.jsx": {"path":"/Users/miguel/Code/home/tothesea/dev/parcel/app/App.jsx","statementMap":{"0":{"start":{"line":9,"column":14},"end":{"line":12,"column":2}},"1":{"start":{"line":9,"column":36},"end":{"line":9,"column":59}},"2":{"start":{"line":14,"column":12},"end":{"line":22,"column":1}},"3":{"start":{"line":15,"column":2},"end":{"line":21,"column":5}},"4":{"start":{"line":18,"column":47},"end":{"line":18,"column":56}}},"fnMap":{"0":{"name":"(anonymous_0)","decl":{"start":{"line":9,"column":30},"end":{"line":9,"column":31}},"loc":{"start":{"line":9,"column":36},"end":{"line":9,"column":59}},"line":9},"1":{"name":"(anonymous_1)","decl":{"start":{"line":14,"column":12},"end":{"line":14,"column":13}},"loc":{"start":{"line":15,"column":2},"end":{"line":21,"column":5}},"line":15},"2":{"name":"(anonymous_2)","decl":{"start":{"line":18,"column":41},"end":{"line":18,"column":42}},"loc":{"start":{"line":18,"column":47},"end":{"line":18,"column":56}},"line":18}},"branchMap":{},"s":{"0":1,"1":1,"2":1,"3":0,"4":0},"f":{"0":1,"1":0,"2":0},"b":{},"_coverageSchema":"43e27e138ebf9cfc5966b082cf9a028302ed4184","hash":"d3ec53d7f650dca9d40b6a444cc284cc85b7feb3"}
,"/Users/miguel/Code/home/tothesea/dev/parcel/app/components/Error.jsx": {"path":"/Users/miguel/Code/home/tothesea/dev/parcel/app/components/Error.jsx","statementMap":{"0":{"start":{"line":3,"column":14},"end":{"line":3,"column":37}},"1":{"start":{"line":3,"column":20},"end":{"line":3,"column":37}}},"fnMap":{"0":{"name":"(anonymous_0)","decl":{"start":{"line":3,"column":14},"end":{"line":3,"column":15}},"loc":{"start":{"line":3,"column":20},"end":{"line":3,"column":37}},"line":3}},"branchMap":{},"s":{"0":1,"1":0},"f":{"0":0},"b":{},"_coverageSchema":"43e27e138ebf9cfc5966b082cf9a028302ed4184","hash":"6328e2e84c6c4861a4447608cf694cdfd1daa710"}
,"/Users/miguel/Code/home/tothesea/dev/parcel/app/components/Header.jsx": {"path":"/Users/miguel/Code/home/tothesea/dev/parcel/app/components/Header.jsx","statementMap":{"0":{"start":{"line":5,"column":15},"end":{"line":17,"column":1}},"1":{"start":{"line":18,"column":14},"end":{"line":20,"column":1}},"2":{"start":{"line":21,"column":13},"end":{"line":26,"column":1}},"3":{"start":{"line":27,"column":17},"end":{"line":30,"column":1}},"4":{"start":{"line":33,"column":2},"end":{"line":47,"column":11}}},"fnMap":{"0":{"name":"(anonymous_0)","decl":{"start":{"line":32,"column":15},"end":{"line":32,"column":16}},"loc":{"start":{"line":33,"column":2},"end":{"line":47,"column":11}},"line":33}},"branchMap":{},"s":{"0":2,"1":2,"2":2,"3":2,"4":0},"f":{"0":0},"b":{},"_coverageSchema":"43e27e138ebf9cfc5966b082cf9a028302ed4184","hash":"53793d11b0a10c3e483e88b300f8f1d772a2fc3d"}
,"/Users/miguel/Code/home/tothesea/dev/parcel/app/components/Loading.jsx": {"path":"/Users/miguel/Code/home/tothesea/dev/parcel/app/components/Loading.jsx","statementMap":{"0":{"start":{"line":3,"column":16},"end":{"line":3,"column":43}},"1":{"start":{"line":3,"column":22},"end":{"line":3,"column":43}}},"fnMap":{"0":{"name":"(anonymous_0)","decl":{"start":{"line":3,"column":16},"end":{"line":3,"column":17}},"loc":{"start":{"line":3,"column":22},"end":{"line":3,"column":43}},"line":3}},"branchMap":{},"s":{"0":1,"1":0},"f":{"0":0},"b":{},"_coverageSchema":"43e27e138ebf9cfc5966b082cf9a028302ed4184","hash":"0fa9b9d373bb6c7fc53a4b0b73b6f9d53cbc7df2"}
,"/Users/miguel/Code/home/tothesea/dev/parcel/app/layouts/Base.js": {"path":"/Users/miguel/Code/home/tothesea/dev/parcel/app/layouts/Base.js","statementMap":{"0":{"start":{"line":7,"column":13},"end":{"line":7,"column":25}},"1":{"start":{"line":10,"column":2},"end":{"line":13,"column":9}}},"fnMap":{"0":{"name":"(anonymous_0)","decl":{"start":{"line":9,"column":15},"end":{"line":9,"column":16}},"loc":{"start":{"line":10,"column":2},"end":{"line":13,"column":9}},"line":10}},"branchMap":{},"s":{"0":2,"1":0},"f":{"0":0},"b":{},"_coverageSchema":"43e27e138ebf9cfc5966b082cf9a028302ed4184","hash":"d8a99b1b8b60e90ea298d7d032a2dd4c0dfc30e8"}
,"/Users/miguel/Code/home/tothesea/dev/parcel/app/layouts/_Container.js": {"path":"/Users/miguel/Code/home/tothesea/dev/parcel/app/layouts/_Container.js","statementMap":{"0":{"start":{"line":4,"column":18},"end":{"line":12,"column":1}},"1":{"start":{"line":14,"column":33},"end":{"line":14,"column":66}}},"fnMap":{"0":{"name":"(anonymous_0)","decl":{"start":{"line":14,"column":15},"end":{"line":14,"column":16}},"loc":{"start":{"line":14,"column":33},"end":{"line":14,"column":66}},"line":14}},"branchMap":{},"s":{"0":2,"1":0},"f":{"0":0},"b":{},"_coverageSchema":"43e27e138ebf9cfc5966b082cf9a028302ed4184","hash":"9831af622a6773bef2268d2139a4284595ebf3b2"}
,"/Users/miguel/Code/home/tothesea/dev/parcel/app/pages/Home.jsx": {"path":"/Users/miguel/Code/home/tothesea/dev/parcel/app/pages/Home.jsx","statementMap":{"0":{"start":{"line":6,"column":13},"end":{"line":13,"column":1}},"1":{"start":{"line":7,"column":2},"end":{"line":12,"column":9}}},"fnMap":{"0":{"name":"(anonymous_0)","decl":{"start":{"line":6,"column":13},"end":{"line":6,"column":14}},"loc":{"start":{"line":7,"column":2},"end":{"line":12,"column":9}},"line":7}},"branchMap":{},"s":{"0":2,"1":1},"f":{"0":1},"b":{},"_coverageSchema":"43e27e138ebf9cfc5966b082cf9a028302ed4184","hash":"5a52e819aa163546d8e0c315d44461604f7e902e"}
,"/Users/miguel/Code/home/tothesea/dev/parcel/server/index.js": {"path":"/Users/miguel/Code/home/tothesea/dev/parcel/server/index.js","statementMap":{"0":{"start":{"line":7,"column":0},"end":{"line":10,"column":1}},"1":{"start":{"line":14,"column":0},"end":{"line":14,"column":21}},"2":{"start":{"line":16,"column":13},"end":{"line":16,"column":37}},"3":{"start":{"line":17,"column":24},"end":{"line":19,"column":1}},"4":{"start":{"line":17,"column":32},"end":{"line":19,"column":1}},"5":{"start":{"line":18,"column":2},"end":{"line":18,"column":42}},"6":{"start":{"line":20,"column":0},"end":{"line":20,"column":35}}},"fnMap":{"0":{"name":"(anonymous_0)","decl":{"start":{"line":17,"column":24},"end":{"line":17,"column":25}},"loc":{"start":{"line":17,"column":32},"end":{"line":19,"column":1}},"line":17},"1":{"name":"(anonymous_1)","decl":{"start":{"line":17,"column":32},"end":{"line":17,"column":33}},"loc":{"start":{"line":17,"column":38},"end":{"line":19,"column":1}},"line":17}},"branchMap":{"0":{"loc":{"start":{"line":16,"column":13},"end":{"line":16,"column":37}},"type":"binary-expr","locations":[{"start":{"line":16,"column":13},"end":{"line":16,"column":29}},{"start":{"line":16,"column":33},"end":{"line":16,"column":37}}],"line":16}},"s":{"0":1,"1":1,"2":1,"3":1,"4":2,"5":1,"6":1},"f":{"0":2,"1":1},"b":{"0":[1,1]},"_coverageSchema":"43e27e138ebf9cfc5966b082cf9a028302ed4184","hash":"daa58d6a85fc4351df1b9d26c061ee6610a0f9e4"}
,"/Users/miguel/Code/home/tothesea/dev/parcel/server/lib/client.js": {"path":"/Users/miguel/Code/home/tothesea/dev/parcel/server/lib/client.js","statementMap":{"0":{"start":{"line":5,"column":24},"end":{"line":5,"column":80}},"1":{"start":{"line":6,"column":23},"end":{"line":6,"column":59}},"2":{"start":{"line":8,"column":35},"end":{"line":14,"column":1}},"3":{"start":{"line":9,"column":20},"end":{"line":9,"column":42}},"4":{"start":{"line":10,"column":12},"end":{"line":10,"column":43}},"5":{"start":{"line":11,"column":2},"end":{"line":13,"column":3}},"6":{"start":{"line":16,"column":19},"end":{"line":16,"column":47}},"7":{"start":{"line":17,"column":18},"end":{"line":17,"column":34}},"8":{"start":{"line":18,"column":17},"end":{"line":18,"column":30}},"9":{"start":{"line":19,"column":57},"end":{"line":21,"column":18}},"10":{"start":{"line":23,"column":32},"end":{"line":26,"column":1}},"11":{"start":{"line":24,"column":31},"end":{"line":24,"column":79}},"12":{"start":{"line":25,"column":2},"end":{"line":25,"column":54}}},"fnMap":{"0":{"name":"(anonymous_0)","decl":{"start":{"line":8,"column":35},"end":{"line":8,"column":36}},"loc":{"start":{"line":8,"column":78},"end":{"line":14,"column":1}},"line":8},"1":{"name":"(anonymous_1)","decl":{"start":{"line":23,"column":32},"end":{"line":23,"column":33}},"loc":{"start":{"line":23,"column":59},"end":{"line":26,"column":1}},"line":23}},"branchMap":{"0":{"loc":{"start":{"line":8,"column":46},"end":{"line":8,"column":73}},"type":"default-arg","locations":[{"start":{"line":8,"column":57},"end":{"line":8,"column":73}}],"line":8}},"s":{"0":1,"1":1,"2":1,"3":1,"4":1,"5":1,"6":1,"7":1,"8":1,"9":1,"10":1,"11":0,"12":0},"f":{"0":1,"1":0},"b":{"0":[1]},"_coverageSchema":"43e27e138ebf9cfc5966b082cf9a028302ed4184","hash":"c8888c2d5cc93297fb5166361636b30e8f000bea"}
,"/Users/miguel/Code/home/tothesea/dev/parcel/server/lib/ssr.js": {"path":"/Users/miguel/Code/home/tothesea/dev/parcel/server/lib/ssr.js","statementMap":{"0":{"start":{"line":15,"column":18},"end":{"line":15,"column":20}},"1":{"start":{"line":16,"column":24},"end":{"line":16,"column":26}},"2":{"start":{"line":18,"column":4},"end":{"line":22,"column":21}},"3":{"start":{"line":24,"column":2},"end":{"line":57,"column":3}},"4":{"start":{"line":27,"column":18},"end":{"line":27,"column":40}},"5":{"start":{"line":28,"column":19},"end":{"line":30,"column":5}},"6":{"start":{"line":31,"column":4},"end":{"line":52,"column":5}},"7":{"start":{"line":32,"column":6},"end":{"line":32,"column":36}},"8":{"start":{"line":34,"column":57},"end":{"line":36,"column":8}},"9":{"start":{"line":37,"column":6},"end":{"line":37,"column":21}},"10":{"start":{"line":38,"column":6},"end":{"line":38,"column":37}},"11":{"start":{"line":39,"column":6},"end":{"line":51,"column":18}},"12":{"start":{"line":43,"column":14},"end":{"line":43,"column":30}},"13":{"start":{"line":46,"column":14},"end":{"line":46,"column":44}},"14":{"start":{"line":47,"column":14},"end":{"line":47,"column":30}},"15":{"start":{"line":54,"column":4},"end":{"line":54,"column":16}},"16":{"start":{"line":55,"column":4},"end":{"line":55,"column":19}},"17":{"start":{"line":56,"column":4},"end":{"line":56,"column":13}}},"fnMap":{"0":{"name":"(anonymous_0)","decl":{"start":{"line":14,"column":15},"end":{"line":14,"column":16}},"loc":{"start":{"line":14,"column":29},"end":{"line":58,"column":1}},"line":14},"1":{"name":"write","decl":{"start":{"line":42,"column":21},"end":{"line":42,"column":26}},"loc":{"start":{"line":42,"column":34},"end":{"line":44,"column":13}},"line":42},"2":{"name":"end","decl":{"start":{"line":45,"column":21},"end":{"line":45,"column":24}},"loc":{"start":{"line":45,"column":28},"end":{"line":48,"column":13}},"line":45}},"branchMap":{"0":{"loc":{"start":{"line":31,"column":4},"end":{"line":52,"column":5}},"type":"if","locations":[{"start":{"line":31,"column":4},"end":{"line":52,"column":5}},{"start":{"line":31,"column":4},"end":{"line":52,"column":5}}],"line":31}},"s":{"0":0,"1":0,"2":0,"3":0,"4":0,"5":0,"6":0,"7":0,"8":0,"9":0,"10":0,"11":0,"12":0,"13":0,"14":0,"15":0,"16":0,"17":0},"f":{"0":0,"1":0,"2":0},"b":{"0":[0,0]},"_coverageSchema":"43e27e138ebf9cfc5966b082cf9a028302ed4184","hash":"e295bfe7759b93a517966b814a5a3cc5d5899d6b"}
}
