{"/Users/miguel/Code/home/tothesea/dev/parcel/app/components/Header.jsx": {"path":"/Users/miguel/Code/home/tothesea/dev/parcel/app/components/Header.jsx","statementMap":{"0":{"start":{"line":5,"column":15},"end":{"line":17,"column":1}},"1":{"start":{"line":18,"column":14},"end":{"line":20,"column":1}},"2":{"start":{"line":21,"column":13},"end":{"line":26,"column":1}},"3":{"start":{"line":27,"column":17},"end":{"line":30,"column":1}},"4":{"start":{"line":33,"column":2},"end":{"line":47,"column":11}}},"fnMap":{"0":{"name":"(anonymous_0)","decl":{"start":{"line":32,"column":15},"end":{"line":32,"column":16}},"loc":{"start":{"line":33,"column":2},"end":{"line":47,"column":11}},"line":33}},"branchMap":{},"s":{"0":1,"1":1,"2":1,"3":1,"4":0},"f":{"0":0},"b":{},"_coverageSchema":"43e27e138ebf9cfc5966b082cf9a028302ed4184","hash":"53793d11b0a10c3e483e88b300f8f1d772a2fc3d"}
,"/Users/miguel/Code/home/tothesea/dev/parcel/app/layouts/Base.js": {"path":"/Users/miguel/Code/home/tothesea/dev/parcel/app/layouts/Base.js","statementMap":{"0":{"start":{"line":7,"column":13},"end":{"line":7,"column":25}},"1":{"start":{"line":10,"column":2},"end":{"line":13,"column":9}}},"fnMap":{"0":{"name":"(anonymous_0)","decl":{"start":{"line":9,"column":15},"end":{"line":9,"column":16}},"loc":{"start":{"line":10,"column":2},"end":{"line":13,"column":9}},"line":10}},"branchMap":{},"s":{"0":1,"1":0},"f":{"0":0},"b":{},"_coverageSchema":"43e27e138ebf9cfc5966b082cf9a028302ed4184","hash":"d8a99b1b8b60e90ea298d7d032a2dd4c0dfc30e8"}
,"/Users/miguel/Code/home/tothesea/dev/parcel/app/layouts/_Container.js": {"path":"/Users/miguel/Code/home/tothesea/dev/parcel/app/layouts/_Container.js","statementMap":{"0":{"start":{"line":4,"column":18},"end":{"line":12,"column":1}},"1":{"start":{"line":14,"column":33},"end":{"line":14,"column":66}}},"fnMap":{"0":{"name":"(anonymous_0)","decl":{"start":{"line":14,"column":15},"end":{"line":14,"column":16}},"loc":{"start":{"line":14,"column":33},"end":{"line":14,"column":66}},"line":14}},"branchMap":{},"s":{"0":1,"1":0},"f":{"0":0},"b":{},"_coverageSchema":"43e27e138ebf9cfc5966b082cf9a028302ed4184","hash":"9831af622a6773bef2268d2139a4284595ebf3b2"}
,"/Users/miguel/Code/home/tothesea/dev/parcel/app/pages/Home.jsx": {"path":"/Users/miguel/Code/home/tothesea/dev/parcel/app/pages/Home.jsx","statementMap":{"0":{"start":{"line":6,"column":13},"end":{"line":13,"column":1}},"1":{"start":{"line":7,"column":2},"end":{"line":12,"column":9}}},"fnMap":{"0":{"name":"(anonymous_0)","decl":{"start":{"line":6,"column":13},"end":{"line":6,"column":14}},"loc":{"start":{"line":7,"column":2},"end":{"line":12,"column":9}},"line":7}},"branchMap":{},"s":{"0":1,"1":1},"f":{"0":1},"b":{},"_coverageSchema":"43e27e138ebf9cfc5966b082cf9a028302ed4184","hash":"5a52e819aa163546d8e0c315d44461604f7e902e"}
}
