TN:
SF:/Users/miguel/Code/home/tothesea/dev/parcel/app/App.jsx
FN:9,(anonymous_0)
FN:14,(anonymous_1)
FN:18,(anonymous_2)
FNF:3
FNH:1
FNDA:1,(anonymous_0)
FNDA:0,(anonymous_1)
FNDA:0,(anonymous_2)
DA:9,1
DA:14,1
DA:15,0
DA:18,0
LF:4
LH:2
BRF:0
BRH:0
end_of_record
TN:
SF:/Users/miguel/Code/home/tothesea/dev/parcel/app/components/Error.jsx
FN:3,(anonymous_0)
FNF:1
FNH:0
FNDA:0,(anonymous_0)
DA:3,1
LF:1
LH:1
BRF:0
BRH:0
end_of_record
TN:
SF:/Users/miguel/Code/home/tothesea/dev/parcel/app/components/Header.jsx
FN:32,(anonymous_0)
FNF:1
FNH:0
FNDA:0,(anonymous_0)
DA:5,2
DA:18,2
DA:21,2
DA:27,2
DA:33,0
LF:5
LH:4
BRF:0
BRH:0
end_of_record
TN:
SF:/Users/miguel/Code/home/tothesea/dev/parcel/app/components/Loading.jsx
FN:3,(anonymous_0)
FNF:1
FNH:0
FNDA:0,(anonymous_0)
DA:3,1
LF:1
LH:1
BRF:0
BRH:0
end_of_record
TN:
SF:/Users/miguel/Code/home/tothesea/dev/parcel/app/layouts/Base.js
FN:9,(anonymous_0)
FNF:1
FNH:0
FNDA:0,(anonymous_0)
DA:7,2
DA:10,0
LF:2
LH:1
BRF:0
BRH:0
end_of_record
TN:
SF:/Users/miguel/Code/home/tothesea/dev/parcel/app/layouts/_Container.js
FN:14,(anonymous_0)
FNF:1
FNH:0
FNDA:0,(anonymous_0)
DA:4,2
DA:14,0
LF:2
LH:1
BRF:0
BRH:0
end_of_record
TN:
SF:/Users/miguel/Code/home/tothesea/dev/parcel/app/pages/Home.jsx
FN:6,(anonymous_0)
FNF:1
FNH:1
FNDA:1,(anonymous_0)
DA:6,2
DA:7,1
LF:2
LH:2
BRF:0
BRH:0
end_of_record
TN:
SF:/Users/miguel/Code/home/tothesea/dev/parcel/server/index.js
FN:17,(anonymous_0)
FN:17,(anonymous_1)
FNF:2
FNH:2
FNDA:2,(anonymous_0)
FNDA:1,(anonymous_1)
DA:7,1
DA:14,1
DA:16,1
DA:17,2
DA:18,1
DA:20,1
LF:6
LH:6
BRDA:16,0,0,1
BRDA:16,0,1,1
BRF:2
BRH:2
end_of_record
TN:
SF:/Users/miguel/Code/home/tothesea/dev/parcel/server/lib/client.js
FN:8,(anonymous_0)
FN:23,(anonymous_1)
FNF:2
FNH:1
FNDA:1,(anonymous_0)
FNDA:0,(anonymous_1)
DA:5,1
DA:6,1
DA:8,1
DA:9,1
DA:10,1
DA:11,1
DA:16,1
DA:17,1
DA:18,1
DA:19,1
DA:23,1
DA:24,0
DA:25,0
LF:13
LH:11
BRDA:8,0,0,1
BRF:1
BRH:1
end_of_record
TN:
SF:/Users/miguel/Code/home/tothesea/dev/parcel/server/lib/ssr.js
FN:14,(anonymous_0)
FN:42,write
FN:45,end
FNF:3
FNH:0
FNDA:0,(anonymous_0)
FNDA:0,write
FNDA:0,end
DA:15,0
DA:16,0
DA:18,0
DA:24,0
DA:27,0
DA:28,0
DA:31,0
DA:32,0
DA:34,0
DA:37,0
DA:38,0
DA:39,0
DA:43,0
DA:46,0
DA:47,0
DA:54,0
DA:55,0
DA:56,0
LF:18
LH:0
BRDA:31,0,0,0
BRDA:31,0,1,0
BRF:2
BRH:0
end_of_record
