TN:
SF:/Users/miguel/Code/home/tothesea/dev/parcel/app/components/Header.jsx
FN:32,(anonymous_0)
FNF:1
FNH:0
FNDA:0,(anonymous_0)
DA:5,1
DA:18,1
DA:21,1
DA:27,1
DA:33,0
LF:5
LH:4
BRF:0
BRH:0
end_of_record
TN:
SF:/Users/miguel/Code/home/tothesea/dev/parcel/app/layouts/Base.js
FN:9,(anonymous_0)
FNF:1
FNH:0
FNDA:0,(anonymous_0)
DA:7,1
DA:10,0
LF:2
LH:1
BRF:0
BRH:0
end_of_record
TN:
SF:/Users/miguel/Code/home/tothesea/dev/parcel/app/layouts/_Container.js
FN:14,(anonymous_0)
FNF:1
FNH:0
FNDA:0,(anonymous_0)
DA:4,1
DA:14,0
LF:2
LH:1
BRF:0
BRH:0
end_of_record
TN:
SF:/Users/miguel/Code/home/tothesea/dev/parcel/app/pages/Home.jsx
FN:6,(anonymous_0)
FNF:1
FNH:1
FNDA:1,(anonymous_0)
DA:6,1
DA:7,1
LF:2
LH:2
BRF:0
BRH:0
end_of_record
